\BOOKMARK [1][-]{section.1}{\376\377\000I\000n\000t\000r\000o\000d\000u\000c\000t\000i\000o\000n}{}% 1
\BOOKMARK [1][-]{section.2}{\376\377\000Q\0001\000\040\040\023\000\040\000A\000n\000a\000l\000y\000t\000i\000c\000a\000l\000\040\000M\000o\000d\000e\000l\000l\000i\000n\000g}{}% 2
\BOOKMARK [2][-]{subsection.2.1}{\376\377\000M\000a\000c\000h\000i\000n\000e\000\040\000G\000e\000o\000m\000e\000t\000r\000y\000\040\000a\000n\000d\000\040\000P\000a\000r\000a\000m\000e\000t\000e\000r\000s}{section.2}% 3
\BOOKMARK [2][-]{subsection.2.2}{\376\377\000A\000s\000s\000u\000m\000p\000t\000i\000o\000n\000s}{section.2}% 4
\BOOKMARK [2][-]{subsection.2.3}{\376\377\000C\000o\000r\000e\000\040\000G\000e\000o\000m\000e\000t\000r\000y}{section.2}% 5
\BOOKMARK [2][-]{subsection.2.4}{\376\377\000M\000a\000x\000i\000m\000u\000m\000\040\000a\000n\000d\000\040\000M\000i\000n\000i\000m\000u\000m\000\040\000I\000n\000d\000u\000c\000t\000a\000n\000c\000e}{section.2}% 6
\BOOKMARK [2][-]{subsection.2.5}{\376\377\000I\000n\000d\000u\000c\000t\000a\000n\000c\000e\000\040\000V\000a\000r\000i\000a\000t\000i\000o\000n\000\040\000L\000\050\000\051}{section.2}% 7
\BOOKMARK [2][-]{subsection.2.6}{\376\377\000T\000o\000r\000q\000u\000e\000\040\000T\000\050\000\051}{section.2}% 8
\BOOKMARK [2][-]{subsection.2.7}{\376\377\000I\000m\000p\000r\000o\000v\000i\000n\000g\000\040\000t\000h\000e\000\040\000M\000o\000d\000e\000l}{section.2}% 9
\BOOKMARK [1][-]{section.3}{\376\377\000Q\0002\000\040\040\023\000\040\000F\000E\000A\000\040\000M\000o\000d\000e\000l\000l\000i\000n\000g\000\040\000\050\000L\000i\000n\000e\000a\000r\000\040\000M\000a\000t\000e\000r\000i\000a\000l\000s\000\051}{}% 10
\BOOKMARK [2][-]{subsection.3.1}{\376\377\000M\000o\000d\000e\000l\000\040\000S\000e\000t\000u\000p}{section.3}% 11
\BOOKMARK [2][-]{subsection.3.2}{\376\377\000F\000l\000u\000x\000\040\000D\000e\000n\000s\000i\000t\000y\000\040\000P\000l\000o\000t\000s}{section.3}% 12
\BOOKMARK [2][-]{subsection.3.3}{\376\377\000I\000n\000d\000u\000c\000t\000a\000n\000c\000e\000\040\000a\000n\000d\000\040\000S\000t\000o\000r\000e\000d\000\040\000E\000n\000e\000r\000g\000y}{section.3}% 13
\BOOKMARK [2][-]{subsection.3.4}{\376\377\000T\000o\000r\000q\000u\000e\000\040\000v\000s\000.\000\040\000A\000n\000g\000l\000e\000\040\040\023\000\040\000C\000o\000m\000p\000a\000r\000i\000s\000o\000n\000\040\000w\000i\000t\000h\000\040\000A\000n\000a\000l\000y\000t\000i\000c\000a\000l\000\040\000M\000o\000d\000e\000l}{section.3}% 14
\BOOKMARK [1][-]{section.4}{\376\377\000Q\0003\000\040\040\023\000\040\000F\000E\000A\000\040\000M\000o\000d\000e\000l\000l\000i\000n\000g\000\040\000\050\000N\000o\000n\000-\000L\000i\000n\000e\000a\000r\000\040\000M\000a\000t\000e\000r\000i\000a\000l\000s\000\051}{}% 15
\BOOKMARK [2][-]{subsection.4.1}{\376\377\000M\000a\000t\000e\000r\000i\000a\000l\000\040\000P\000r\000o\000p\000e\000r\000t\000i\000e\000s}{section.4}% 16
\BOOKMARK [2][-]{subsection.4.2}{\376\377\000F\000l\000u\000x\000\040\000D\000e\000n\000s\000i\000t\000y\000\040\000P\000l\000o\000t\000s}{section.4}% 17
\BOOKMARK [2][-]{subsection.4.3}{\376\377\000I\000n\000d\000u\000c\000t\000a\000n\000c\000e\000\040\000a\000n\000d\000\040\000S\000t\000o\000r\000e\000d\000\040\000E\000n\000e\000r\000g\000y}{section.4}% 18
\BOOKMARK [2][-]{subsection.4.4}{\376\377\000T\000o\000r\000q\000u\000e\000\040\000v\000s\000.\000\040\000A\000n\000g\000l\000e}{section.4}% 19
\BOOKMARK [2][-]{subsection.4.5}{\376\377\000D\000i\000s\000c\000u\000s\000s\000i\000o\000n}{section.4}% 20
\BOOKMARK [1][-]{section.5}{\376\377\000Q\0004\000\040\040\023\000\040\000C\000o\000n\000t\000r\000o\000l\000\040\000M\000e\000t\000h\000o\000d\000\040\000f\000o\000r\000\040\000C\000o\000n\000t\000i\000n\000u\000o\000u\000s\000\040\000R\000o\000t\000a\000t\000i\000o\000n}{}% 21
\BOOKMARK [2][-]{subsection.5.1}{\376\377\000T\000h\000e\000\040\000P\000r\000o\000b\000l\000e\000m}{section.5}% 22
\BOOKMARK [2][-]{subsection.5.2}{\376\377\000S\000w\000i\000t\000c\000h\000e\000d\000\040\000E\000x\000c\000i\000t\000a\000t\000i\000o\000n}{section.5}% 23
\BOOKMARK [2][-]{subsection.5.3}{\376\377\000A\000v\000e\000r\000a\000g\000e\000\040\000T\000o\000r\000q\000u\000e}{section.5}% 24
\BOOKMARK [2][-]{subsection.5.4}{\376\377\000P\000r\000a\000c\000t\000i\000c\000a\000l\000\040\000C\000o\000n\000s\000i\000d\000e\000r\000a\000t\000i\000o\000n\000s}{section.5}% 25
\BOOKMARK [1][-]{section.6}{\376\377\000C\000o\000n\000c\000l\000u\000s\000i\000o\000n}{}% 26
\BOOKMARK [1][-]{appendix.A}{\376\377\000M\000A\000T\000L\000A\000B\000\040\000C\000o\000d\000e}{}% 27
\BOOKMARK [1][-]{appendix.B}{\376\377\000M\000a\000t\000e\000r\000i\000a\000l\000\040\000P\000r\000o\000p\000e\000r\000t\000i\000e\000s}{}% 28
